From C:\Users\pritamp533\AppData\Local\Programs\Python\Python36\lib\site-packages\keras\backend\tensorflow_backend.py:1305: calling reduce_any (from tensorflow.python.ops.math_ops) with keep_dims is deprecated and will be removed in a future version.
Instructions for updating:
keep_dims is deprecated, use keepdims instead
From C:\Users\pritamp533\AppData\Local\Programs\Python\Python36\lib\site-packages\keras\backend\tensorflow_backend.py:1188: calling reduce_sum (from tensorflow.python.ops.math_ops) with keep_dims is deprecated and will be removed in a future version.
Instructions for updating:
keep_dims is deprecated, use keepdims instead
Caught an exception during parse: 'requested_slot'
Traceback (most recent call last):
  File "C:\Users\pritamp533\Documents\rasa\Dialogflow_export_to_rasa\server.py", line 367, in parse
    response = dialogflow_emulator.DialogflowEmulator().normalise_response_json(response)
  File "C:\Users\pritamp533\Documents\rasa\Dialogflow_export_to_rasa\dialogflow_emulator.py", line 33, in normalise_response_json
    "actionIncomplete": str(data['tracker']['slots']['requested_slot']!=None),
KeyError: 'requested_slot'
From C:\Users\pritamp533\AppData\Local\Programs\Python\Python36\lib\site-packages\keras\backend\tensorflow_backend.py:1305: calling reduce_any (from tensorflow.python.ops.math_ops) with keep_dims is deprecated and will be removed in a future version.
Instructions for updating:
keep_dims is deprecated, use keepdims instead
From C:\Users\pritamp533\AppData\Local\Programs\Python\Python36\lib\site-packages\keras\backend\tensorflow_backend.py:1188: calling reduce_sum (from tensorflow.python.ops.math_ops) with keep_dims is deprecated and will be removed in a future version.
Instructions for updating:
keep_dims is deprecated, use keepdims instead
From C:\Users\pritamp533\AppData\Local\Programs\Python\Python36\lib\site-packages\keras\backend\tensorflow_backend.py:1305: calling reduce_any (from tensorflow.python.ops.math_ops) with keep_dims is deprecated and will be removed in a future version.
Instructions for updating:
keep_dims is deprecated, use keepdims instead
From C:\Users\pritamp533\AppData\Local\Programs\Python\Python36\lib\site-packages\keras\backend\tensorflow_backend.py:1188: calling reduce_sum (from tensorflow.python.ops.math_ops) with keep_dims is deprecated and will be removed in a future version.
Instructions for updating:
keep_dims is deprecated, use keepdims instead
C:\Users\pritamp533\AppData\Local\Programs\Python\Python36\lib\site-packages\pykwalify\core.py:99: UnsafeLoaderWarning: 
The default 'Loader' for 'load(stream)' without further arguments can be unsafe.
Use 'load(stream, Loader=ruamel.yaml.Loader)' explicitly if that is OK.
Alternatively include the following in your code:

  import warnings
  warnings.simplefilter('ignore', ruamel.yaml.error.UnsafeLoaderWarning)

In most other cases you should consider using 'safe_load(stream)'
  data = yaml.load(stream)

